
edif2ngd  -l "MachXO2" -d LCMXO2-7000HE -path "C:/Users/Connor/Documents/ECE_271_Project/impl1" -path "C:/Users/Connor/Documents/ECE_271_Project"   "C:/Users/Connor/Documents/ECE_271_Project/impl1/project_impl1.edi" "project_impl1.ngo"   
edif2ngd:  version Diamond (64-bit) 3.9.0.99.2

Copyright (c) 1991-1994 by NeoCAD Inc. All rights reserved.
Copyright (c) 1995 AT&T Corp.   All rights reserved.
Copyright (c) 1995-2001 Lucent Technologies Inc.  All rights reserved.
Copyright (c) 2001 Agere Systems   All rights reserved.
Copyright (c) 2002-2017 Lattice Semiconductor Corporation,  All rights reserved.
    <postMsg mid="1121028" type="Warning" dynamic="1" navigation="0" arg0="Send8"  />
    <postMsg mid="1121028" type="Warning" dynamic="1" navigation="0" arg0="Send7"  />
    <postMsg mid="1121028" type="Warning" dynamic="1" navigation="0" arg0="Send6"  />
    <postMsg mid="1121028" type="Warning" dynamic="1" navigation="0" arg0="Send5"  />
    <postMsg mid="1121028" type="Warning" dynamic="1" navigation="0" arg0="Send4"  />
    <postMsg mid="1121028" type="Warning" dynamic="1" navigation="0" arg0="Send3"  />
    <postMsg mid="1121028" type="Warning" dynamic="1" navigation="0" arg0="Send2"  />
    <postMsg mid="1121028" type="Warning" dynamic="1" navigation="0" arg0="Send1"  />
    <postMsg mid="1121028" type="Warning" dynamic="1" navigation="0" arg0="Recieving"  />
    <postMsg mid="1121028" type="Warning" dynamic="1" navigation="0" arg0="Sending"  />
Writing the design to project_impl1.ngo...

Total CPU Time: 0 secs  

Total REAL Time: 0 secs  


ngdbuild  -a "MachXO2" -d LCMXO2-7000HE  -p "C:/lscc/diamond/3.9_x64/ispfpga/xo2c00/data"  -p "C:/Users/Connor/Documents/ECE_271_Project/impl1" -p "C:/Users/Connor/Documents/ECE_271_Project"  "project_impl1.ngo" "project_impl1.ngd"  	
ngdbuild:  version Diamond (64-bit) 3.9.0.99.2

Copyright (c) 1991-1994 by NeoCAD Inc. All rights reserved.
Copyright (c) 1995 AT&T Corp.   All rights reserved.
Copyright (c) 1995-2001 Lucent Technologies Inc.  All rights reserved.
Copyright (c) 2001 Agere Systems   All rights reserved.
Copyright (c) 2002-2017 Lattice Semiconductor Corporation,  All rights reserved.
Reading 'project_impl1.ngo' ...
Loading NGL library 'C:/lscc/diamond/3.9_x64/ispfpga/xo2c00a/data/xo2alib.ngl'...
Loading NGL library 'C:/lscc/diamond/3.9_x64/ispfpga/xo2c00/data/xo2clib.ngl'...
Loading NGL library 'C:/lscc/diamond/3.9_x64/ispfpga/mg5g00/data/mg5glib.ngl'...
Loading NGL library 'C:/lscc/diamond/3.9_x64/ispfpga/or5g00/data/orc5glib.ngl'...


Running DRC...

    <postMsg mid="1166052" type="Warning" dynamic="2" navigation="1" arg0="logical" arg1="N64_rec/osc_int_SEDSTDBY" arg2="N64_rec/osc_int_SEDSTDBY"  />
    <postMsg mid="1166052" type="Warning" dynamic="2" navigation="1" arg0="logical" arg1="button_board[0]" arg2="button_board[0]"  />
    <postMsg mid="1166052" type="Warning" dynamic="2" navigation="1" arg0="logical" arg1="button_board[1]" arg2="button_board[1]"  />
    <postMsg mid="1166052" type="Warning" dynamic="2" navigation="1" arg0="logical" arg1="button_board[2]" arg2="button_board[2]"  />
    <postMsg mid="1166052" type="Warning" dynamic="2" navigation="1" arg0="logical" arg1="button_board[3]" arg2="button_board[3]"  />
    <postMsg mid="1166052" type="Warning" dynamic="2" navigation="1" arg0="logical" arg1="button_board[4]" arg2="button_board[4]"  />
    <postMsg mid="1166052" type="Warning" dynamic="2" navigation="1" arg0="logical" arg1="button_board[5]" arg2="button_board[5]"  />
    <postMsg mid="1166052" type="Warning" dynamic="2" navigation="1" arg0="logical" arg1="button_board[6]" arg2="button_board[6]"  />
    <postMsg mid="1166052" type="Warning" dynamic="2" navigation="1" arg0="logical" arg1="button_board[7]" arg2="button_board[7]"  />
    <postMsg mid="1166052" type="Warning" dynamic="2" navigation="1" arg0="logical" arg1="remote" arg2="remote"  />
    <postMsg mid="1166052" type="Warning" dynamic="2" navigation="1" arg0="logical" arg1="NES_Clock" arg2="NES_Clock"  />
    <postMsg mid="1166052" type="Warning" dynamic="2" navigation="1" arg0="logical" arg1="NES_Latch" arg2="NES_Latch"  />
    <postMsg mid="1166052" type="Warning" dynamic="2" navigation="1" arg0="logical" arg1="SNES_Clock" arg2="SNES_Clock"  />
    <postMsg mid="1166052" type="Warning" dynamic="2" navigation="1" arg0="logical" arg1="SNES_Latch" arg2="SNES_Latch"  />
    <postMsg mid="1166052" type="Warning" dynamic="2" navigation="1" arg0="logical" arg1="game_select[0]" arg2="game_select[0]"  />
    <postMsg mid="1166052" type="Warning" dynamic="2" navigation="1" arg0="logical" arg1="game_select[1]" arg2="game_select[1]"  />
    <postMsg mid="1166052" type="Warning" dynamic="2" navigation="1" arg0="logical" arg1="game_select[2]" arg2="game_select[2]"  />
    <postMsg mid="1166052" type="Warning" dynamic="2" navigation="1" arg0="logical" arg1="game_select[3]" arg2="game_select[3]"  />
    <postMsg mid="1163101" type="Warning" dynamic="1" navigation="0" arg0="18"  />

Design Results:
     77 blocks expanded
Complete the first expansion.
Writing 'project_impl1.ngd' ...
Total CPU Time: 0 secs  

Total REAL Time: 0 secs  

