# Synopsys Constraint Checker, version maplat, Build 1612R, built Dec  5 2016
# Copyright (C) 1994-2016 Synopsys, Inc. All rights reserved. This Synopsys software and all associated documentation are proprietary to Synopsys, Inc. and may only be used pursuant to the terms and conditions of a written license agreement with Synopsys, Inc. All other use, reproduction, modification, or distribution of the Synopsys software or the associated documentation is strictly prohibited.

# Written on Tue May 30 21:53:01 2017


##### DESIGN INFO #######################################################

Top View:                "N64_in_to_buttons"
Constraint File(s):      (none)




##### SUMMARY ############################################################

Found 0 issues in 0 out of 0 constraints


##### DETAILS ############################################################



Clock Relationships
*******************

Starting                    Ending                      |     rise to rise     |     fall to fall     |     rise to fall     |     fall to rise                     
-------------------------------------------------------------------------------------------------------------------------------------------------------------------
N64_in_to_buttons|clock     N64_in_to_buttons|clock     |     1000.000         |     No paths         |     No paths         |     No paths                         
===================================================================================================================================================================
 Note: 'No paths' indicates there are no paths in the design for that pair of clock edges.
       'Diff grp' indicates that paths exist but the starting clock and ending clock are in different clock groups.


Unconstrained Start/End Points
******************************

p:button_out[0]
p:button_out[1]
p:button_out[2]
p:button_out[3]
p:button_out[4]
p:button_out[5]
p:button_out[6]
p:button_out[7]
p:button_out[8]
p:button_out[9]
p:button_out[10]
p:button_out[11]
p:data
p:enable_latch


Inapplicable constraints
************************

(none)


Applicable constraints with issues
**********************************

(none)


Constraints with matching wildcard expressions
**********************************************

(none)


Library Report
**************


# End of Constraint Checker Report
