
             Lattice Mapping Report File for Design Module 'top'


Design Information
------------------

Command line:   map -a MachXO2 -p LCMXO2-7000HE -t TQFP144 -s 5 -oc Commercial
     project_impl1.ngd -o project_impl1_map.ncd -pr project_impl1.prf -mp
     project_impl1.mrp -lpf
     C:/Users/Connor/Documents/ECE_271_Project/impl1/project_impl1_synplify.lpf
     -lpf C:/Users/Connor/Documents/ECE_271_Project/project.lpf -c 0 -gui
     -msgset C:/Users/Connor/Documents/ECE_271_Project/promote.xml 
Target Vendor:  LATTICE
Target Device:  LCMXO2-7000HETQFP144
Target Performance:   5
Mapper:  xo2c00,  version:  Diamond (64-bit) 3.9.0.99.2
Mapped on:  05/29/17  12:39:44

Design Summary
--------------

   Number of registers:      0 out of  7209 (0%)
      PFU registers:            0 out of  6864 (0%)
      PIO registers:            0 out of   345 (0%)
   Number of SLICEs:         1 out of  3432 (0%)
      SLICEs as Logic/ROM:      1 out of  3432 (0%)
      SLICEs as RAM:            0 out of  2574 (0%)
      SLICEs as Carry:          0 out of  3432 (0%)
   Number of LUT4s:          1 out of  6864 (0%)
      Number used as logic LUTs:          1
      Number used as distributed RAM:     0
      Number used as ripple logic:        0
      Number used as shift registers:     0
   Number of PIO sites used: 2 + 4(JTAG) out of 115 (5%)
   Number of block RAMs:  0 out of 26 (0%)
   Number of GSRs:  0 out of 1 (0%)
   EFB used :       No
   JTAG used :      No
   Readback used :  No
   Oscillator used :  No
   Startup used :   No
   POR :            On
   Bandgap :        On
   Number of Power Controller:  0 out of 1 (0%)
   Number of Dynamic Bank Controller (BCINRD):  0 out of 6 (0%)
   Number of Dynamic Bank Controller (BCLVDSO):  0 out of 1 (0%)
   Number of DCCA:  0 out of 8 (0%)
   Number of DCMA:  0 out of 2 (0%)
   Number of PLLs:  0 out of 2 (0%)
   Number of DQSDLLs:  0 out of 2 (0%)
   Number of CLKDIVC:  0 out of 4 (0%)
   Number of ECLKSYNCA:  0 out of 4 (0%)
   Number of ECLKBRIDGECS:  0 out of 2 (0%)
   Notes:-
      1. Total number of LUT4s = (Number of logic LUT4s) + 2*(Number of
     distributed RAMs) + 2*(Number of ripple logic)
      2. Number of logic LUT4s does not include count of distributed RAM and
     ripple logic.
   Number of clocks:  0
   Number of Clock Enables:  0
   Number of LSRs:  0

                                    Page 1




Design:  top                                           Date:  05/29/17  12:39:44

Design Summary (cont)
---------------------
   Number of nets driven by tri-state buffers:  0
   Top 10 highest fanout non-clock nets:




   Number of warnings:  19
   Number of errors:    0
     

Design Errors/Warnings
----------------------

WARNING - map: IO buffer missing for top level port button_board[7:0](7)...logic
     will be discarded.
WARNING - map: IO buffer missing for top level port button_board[7:0](6)...logic
     will be discarded.
WARNING - map: IO buffer missing for top level port button_board[7:0](5)...logic
     will be discarded.
WARNING - map: IO buffer missing for top level port button_board[7:0](4)...logic
     will be discarded.
WARNING - map: IO buffer missing for top level port button_board[7:0](3)...logic
     will be discarded.
WARNING - map: IO buffer missing for top level port button_board[7:0](2)...logic
     will be discarded.
WARNING - map: IO buffer missing for top level port button_board[7:0](1)...logic
     will be discarded.
WARNING - map: IO buffer missing for top level port button_board[7:0](0)...logic
     will be discarded.
WARNING - map: IO buffer missing for top level port N64...logic will be
     discarded.
WARNING - map: IO buffer missing for top level port remote...logic will be
     discarded.
WARNING - map: IO buffer missing for top level port NES_Clock...logic will be
     discarded.
WARNING - map: IO buffer missing for top level port NES_Latch...logic will be
     discarded.
WARNING - map: IO buffer missing for top level port SNES_Clock...logic will be
     discarded.
WARNING - map: IO buffer missing for top level port SNES_Latch...logic will be
     discarded.
WARNING - map: IO buffer missing for top level port game_select[3:0](3)...logic
     will be discarded.
WARNING - map: IO buffer missing for top level port game_select[3:0](2)...logic
     will be discarded.
WARNING - map: IO buffer missing for top level port game_select[3:0](1)...logic
     will be discarded.
WARNING - map: IO buffer missing for top level port game_select[3:0](0)...logic
     will be discarded.
WARNING - map: IO buffer missing for top level port reset_in...logic will be
     discarded.

IO (PIO) Attributes
-------------------

+---------------------+-----------+-----------+------------+

                                    Page 2




Design:  top                                           Date:  05/29/17  12:39:44

IO (PIO) Attributes (cont)
--------------------------
| IO Name             | Direction | Levelmode | IO         |
|                     |           |  IO_TYPE  | Register   |
+---------------------+-----------+-----------+------------+
| NES_Data            | OUTPUT    | LVCMOS25  |            |
+---------------------+-----------+-----------+------------+
| SNES_Data           | OUTPUT    | LVCMOS25  |            |
+---------------------+-----------+-----------+------------+

Removed logic
-------------

Block VCC_0 undriven or does not drive anything - clipped.
Block GSR_INST undriven or does not drive anything - clipped.
Signal VCC undriven or does not drive anything - clipped.

Memory Usage
------------


     

Run Time and Memory Usage
-------------------------

   Total CPU Time: 0 secs  
   Total REAL Time: 0 secs  
   Peak Memory Usage: 34 MB
        





























                                    Page 3


Copyright (c) 1991-1994 by NeoCAD Inc. All rights reserved.
     Copyright (c) 1995 AT&T Corp.   All rights reserved.
     Copyright (c) 1995-2001 Lucent Technologies Inc.  All rights reserved.
     Copyright (c) 2001 Agere Systems   All rights reserved.
     Copyright (c) 2002-2017 Lattice Semiconductor Corporation,  All rights
     reserved.
