C:\lscc\diamond\3.9_x64\synpbase\bin64\c_hdl.exe  -osyn  C:\Users\Connor\Documents\ECE_271_Project\impl1\synwork\project_impl1_comp.srs  -hdllog  C:\Users\Connor\Documents\ECE_271_Project\impl1\synlog\project_impl1_compiler.srr  -encrypt  -mp  4  -verification_mode 0  -verilog  -prodtype  synplify_pro  -dspmac -fixsmult -infer_seqShift -nram -sdff_counter -divnmod -nostructver   -I C:\Users\Connor\Documents\ECE_271_Project  -I C:\Users\Connor\Documents\ECE_271_Project\impl1\  -I C:\lscc\diamond\3.9_x64\synpbase\lib   -v2001  -devicelib  C:\lscc\diamond\3.9_x64\synpbase\lib\lucent\machxo2.v  -devicelib  C:\lscc\diamond\3.9_x64\synpbase\lib\lucent\pmi_def.v  -encrypt  -pro  -dmgen  C:\Users\Connor\Documents\ECE_271_Project\impl1\dm  -ui -fid2 -ram -sharing on -ll 2000 -autosm  -D_MULTIPLE_FILE_COMPILATION_UNIT_  -lib work -fsysv C:\Users\Connor\Documents\ECE_271_Project\impl1\sources\NES_parallel_to_serial.sv -lib work -fsysv C:\Users\Connor\Documents\ECE_271_Project\impl1\sources\Decode_SNES.sv -lib work -fsysv C:\Users\Connor\Documents\ECE_271_Project\impl1\sources\Shift_register_SNEs.sv -lib work -fsysv C:\Users\Connor\Documents\ECE_271_Project\impl1\sources\Big_boy.sv -lib work -fsysv C:\Users\Connor\Documents\ECE_271_Project\impl1\sources\Controller_SM.sv -lib work -fsysv C:\Users\Connor\Documents\ECE_271_Project\impl1\sources\Button_board_reciever.sv -lib work -fsysv C:\Users\Connor\Documents\ECE_271_Project\impl1\sources\N64_reciever.sv -lib work -fsysv C:\Users\Connor\Documents\ECE_271_Project\impl1\sources\Remote_reciever.sv -lib work -fsysv C:\Users\Connor\Documents\ECE_271_Project\impl1\sources\N64_serial_to_parallel.sv 
rc:0 success:1 runtime:2
file:C:\Users\Connor\Documents\ECE_271_Project\impl1\synwork\project_impl1_comp.srs|io:o|time:1496206379|size:3223|exec:0
file:C:\Users\Connor\Documents\ECE_271_Project\impl1\synlog\project_impl1_compiler.srr|io:o|time:1496206380|size:6876|exec:0
file:C:\lscc\diamond\3.9_x64\synpbase\lib\lucent\machxo2.v|io:i|time:1481014424|size:54295|exec:0
file:C:\lscc\diamond\3.9_x64\synpbase\lib\lucent\pmi_def.v|io:i|time:1481014424|size:40584|exec:0
file:-fsysv|io:i|time:0|size:0|exec:0
file:C:\Users\Connor\Documents\ECE_271_Project\impl1\sources\NES_parallel_to_serial.sv|io:i|time:1496005070|size:745|exec:0
file:-fsysv|io:i|time:0|size:0|exec:0
file:C:\Users\Connor\Documents\ECE_271_Project\impl1\sources\Decode_SNES.sv|io:i|time:1496005923|size:159|exec:0
file:-fsysv|io:i|time:0|size:0|exec:0
file:C:\Users\Connor\Documents\ECE_271_Project\impl1\sources\Shift_register_SNEs.sv|io:i|time:1496005057|size:866|exec:0
file:-fsysv|io:i|time:0|size:0|exec:0
file:C:\Users\Connor\Documents\ECE_271_Project\impl1\sources\Big_boy.sv|io:i|time:1496016330|size:1819|exec:0
file:-fsysv|io:i|time:0|size:0|exec:0
file:C:\Users\Connor\Documents\ECE_271_Project\impl1\sources\Controller_SM.sv|io:i|time:1496016408|size:2062|exec:0
file:-fsysv|io:i|time:0|size:0|exec:0
file:C:\Users\Connor\Documents\ECE_271_Project\impl1\sources\Button_board_reciever.sv|io:i|time:1496200232|size:524|exec:0
file:-fsysv|io:i|time:0|size:0|exec:0
file:C:\Users\Connor\Documents\ECE_271_Project\impl1\sources\N64_reciever.sv|io:i|time:1496200309|size:594|exec:0
file:-fsysv|io:i|time:0|size:0|exec:0
file:C:\Users\Connor\Documents\ECE_271_Project\impl1\sources\Remote_reciever.sv|io:i|time:1496014410|size:100|exec:0
file:-fsysv|io:i|time:0|size:0|exec:0
file:C:\Users\Connor\Documents\ECE_271_Project\impl1\sources\N64_serial_to_parallel.sv|io:i|time:1496206374|size:2021|exec:0
file:C:\lscc\diamond\3.9_x64\synpbase\bin\c_hdl.exe|io:i|time:1481016902|size:1338368|exec:1
file:C:\lscc\diamond\3.9_x64\synpbase\bin64\c_hdl.exe|io:i|time:1481017106|size:1754112|exec:1
